<?xml version="1.0" encoding="UTF-8"?>
<!-- Generated by org.testng.reporters.JUnitXMLReporter -->
<testsuite hostname="User-PC" name="SignUp test with correct credentials" tests="6" failures="0" timestamp="1 Feb 2015 23:13:24 GMT" time="277.203" errors="0">
  <testcase name="goToSignUpPage" time="12.682" classname="com.rebtel.testcases.SignUpTest"/>
  <testcase name="goToSignUpPage" time="11.42" classname="com.rebtel.testcases.SignUpTest"/>
  <testcase name="goToSignUpPage" time="1.147" classname="com.rebtel.testcases.SignUpTest"/>
  <testcase name="doSignupNewNumber" time="11.248" classname="com.rebtel.testcases.SignUpTest"/>
  <testcase name="doSignupNewNumber" time="120.314" classname="com.rebtel.testcases.SignUpTest"/>
  <testcase name="doSignupNewNumber" time="120.377" classname="com.rebtel.testcases.SignUpTest"/>
</testsuite> <!-- SignUp test with correct credentials -->
